  main.cpp
V:\Git\MeshWireframeDrawer\main.cpp(38,25): warning C4244: '=': conversion from 'int' to 'float', possible loss of data
V:\Git\MeshWireframeDrawer\main.cpp(40,24): warning C4244: '=': conversion from 'float' to 'int', possible loss of data
V:\Git\MeshWireframeDrawer\main.cpp(42,25): warning C4244: '=': conversion from 'int' to 'float', possible loss of data
V:\Git\MeshWireframeDrawer\main.cpp(44,24): warning C4244: '=': conversion from 'float' to 'int', possible loss of data
V:\Git\MeshWireframeDrawer\main.cpp(51,25): warning C4244: '=': conversion from 'int' to 'float', possible loss of data
V:\Git\MeshWireframeDrawer\main.cpp(53,24): warning C4244: '=': conversion from 'float' to 'int', possible loss of data
V:\Git\MeshWireframeDrawer\main.cpp(55,25): warning C4244: '=': conversion from 'int' to 'float', possible loss of data
V:\Git\MeshWireframeDrawer\main.cpp(57,24): warning C4244: '=': conversion from 'float' to 'int', possible loss of data
V:\Git\MeshWireframeDrawer\main.cpp(60,23): warning C4244: '=': conversion from 'int' to 'float', possible loss of data
V:\Git\MeshWireframeDrawer\main.cpp(67,26): warning C4244: 'argument': conversion from 'float' to 'int', possible loss of data
V:\Git\MeshWireframeDrawer\main.cpp(67,23): warning C4244: 'argument': conversion from 'float' to 'int', possible loss of data
V:\Git\MeshWireframeDrawer\main.cpp(71,26): warning C4244: 'argument': conversion from 'float' to 'int', possible loss of data
V:\Git\MeshWireframeDrawer\main.cpp(71,23): warning C4244: 'argument': conversion from 'float' to 'int', possible loss of data
V:\Git\MeshWireframeDrawer\main.cpp(100,20): warning C4244: 'initializing': conversion from 'double' to 'int', possible loss of data
V:\Git\MeshWireframeDrawer\main.cpp(101,20): warning C4244: 'initializing': conversion from 'double' to 'int', possible loss of data
V:\Git\MeshWireframeDrawer\main.cpp(102,20): warning C4244: 'initializing': conversion from 'double' to 'int', possible loss of data
V:\Git\MeshWireframeDrawer\main.cpp(103,20): warning C4244: 'initializing': conversion from 'double' to 'int', possible loss of data
V:\Git\MeshWireframeDrawer\main.cpp(109,14): warning C4101: 'y': unreferenced local variable
V:\Git\MeshWireframeDrawer\main.cpp(109,11): warning C4101: 'x': unreferenced local variable
  mesh_lines.vcxproj -> V:\Git\MeshWireframeDrawer\x64\Debug\mesh_lines.exe
